/Applications/CLion.app/Contents/bin/cmake/mac/aarch64/bin/cmake -DCMAKE_BUILD_TYPE=Debug -DCMAKE_MAKE_PROGRAM=/usr/local/bin/ninja -DCMAKE_C_COMPILER=/usr/local/opt/llvm/bin/clang -DCMAKE_CXX_COMPILER=/usr/local/opt/llvm/bin/clang++ -G Ninja -S /Users/marten/Desktop/unifi/parallel_programming/mid-term-pp -B /Users/marten/Desktop/unifi/parallel_programming/mid-term-pp/cmake-build-debug
-- The C compiler identification is Clang 17.0.6
-- The CXX compiler identification is Clang 17.0.6
-- Detecting C compiler ABI info
-- Detecting C compiler ABI info - failed
-- Check for working C compiler: /usr/local/opt/llvm/bin/clang
-- Check for working C compiler: /usr/local/opt/llvm/bin/clang - broken
CMake Error at /Applications/CLion.app/Contents/bin/cmake/mac/aarch64/share/cmake-3.27/Modules/CMakeTestCCompiler.cmake:67 (message):
  The C compiler

    "/usr/local/opt/llvm/bin/clang"

  is not able to compile a simple test program.

  It fails with the following output:

    Change Dir: '/Users/marten/Desktop/unifi/parallel_programming/mid-term-pp/cmake-build-debug/CMakeFiles/CMakeScratch/TryCompile-A87x2c'
    
    Run Build Command(s): /usr/local/bin/ninja -v cmTC_52cbf
    [1/2] /usr/local/opt/llvm/bin/clang   -arch arm64 -isysroot /Library/Developer/CommandLineTools/SDKs/MacOSX.sdk -fcolor-diagnostics -MD -MT CMakeFiles/cmTC_52cbf.dir/testCCompiler.c.o -MF CMakeFiles/cmTC_52cbf.dir/testCCompiler.c.o.d -o CMakeFiles/cmTC_52cbf.dir/testCCompiler.c.o -c /Users/marten/Desktop/unifi/parallel_programming/mid-term-pp/cmake-build-debug/CMakeFiles/CMakeScratch/TryCompile-A87x2c/testCCompiler.c
    [2/2] : && /usr/local/opt/llvm/bin/clang -arch arm64 -isysroot /Library/Developer/CommandLineTools/SDKs/MacOSX.sdk -Wl,-search_paths_first -Wl,-headerpad_max_install_names -L/usr/local/opt/llvm/lib CMakeFiles/cmTC_52cbf.dir/testCCompiler.c.o -o cmTC_52cbf   && :
    FAILED: cmTC_52cbf 
    : && /usr/local/opt/llvm/bin/clang -arch arm64 -isysroot /Library/Developer/CommandLineTools/SDKs/MacOSX.sdk -Wl,-search_paths_first -Wl,-headerpad_max_install_names -L/usr/local/opt/llvm/lib CMakeFiles/cmTC_52cbf.dir/testCCompiler.c.o -o cmTC_52cbf   && :
    ld: library not found for -lSystem
    clang: error: linker command failed with exit code 1 (use -v to see invocation)
    ninja: build stopped: subcommand failed.
    
    

  

  CMake will not be able to correctly generate this project.
Call Stack (most recent call first):
  CMakeLists.txt:2 (project)


-- Configuring incomplete, errors occurred!
